2023-03-14T10:00:21+00:00 CRITICAL Uncaught Exception: Invalid data: {"data":["Array","Array","Array","Array","Array"],"element":"Array"} in /Applications/XAMPP/xamppfiles/htdocs/grifCenter/wp-content/plugins/elementor/core/base/document.php:951
Stack trace:
#0 /Applications/XAMPP/xamppfiles/htdocs/grifCenter/wp-content/plugins/astra-sites/inc/importers/batch-processing/class-astra-sites-batch-processing-elementor.php(122): Elementor\Core\Base\Document->get_elements_raw_data(Array, true)
#1 /Applications/XAMPP/xamppfiles/htdocs/grifCenter/wp-content/plugins/astra-sites/inc/importers/batch-processing/class-astra-sites-batch-processing-elementor.php(66): Elementor\TemplateLibrary\Astra_Sites_Batch_Processing_Elementor->import_single_post(1406)
#2 /Applications/XAMPP/xamppfiles/htdocs/grifCenter/wp-content/plugins/astra-sites/inc/importers/batch-processing/helpers/class-wp-background-process-astra.php(41): Elementor\TemplateLibrary\Astra_Sites_Batch_Processing_Elementor->import()
#3 /Applications/XAMPP/xamppfiles/htdocs/grifCenter/wp-content/plugins/woocommerce/includes/libraries/wp-background-process.php(301): WP_Background_Process_Astra->task(Object(Elementor\TemplateLibrary\Astra_Sites_Batch_Processing_Elementor))
#4 /Applications/XAMPP/xamppfiles/htdocs/grifCenter/wp-content/plugins/woocommerce/includes/libraries/wp-background-process.php(447): WP_Background_Process->handle()
#5 /Applications/XAMPP/xamppfiles/htdocs/grifCenter/wp-includes/class-wp-hook.php(308): WP_Background_Process->handle_cron_healthcheck()
#6 /Applications/XAMPP/xamppfiles/htdocs/grifCenter/wp-includes/class-wp-hook.php(332): WP_Hook->apply_filters('', Array)
#7 /Applications/XAMPP/xamppfiles/htdocs/grifCenter/wp-includes/plugin.php(565): WP_Hook->do_action(Array)
#8 /Applications/XAMPP/xamppfiles/htdocs/grifCenter/wp-cron.php(188): do_action_ref_array('wp_image_proces...', Array)
#9 {main}
  thrown in /Applications/XAMPP/xamppfiles/htdocs/grifCenter/wp-content/plugins/elementor/core/base/document.php on line 951

2023-03-14T10:04:54+00:00 CRITICAL Uncaught Exception: Invalid data: {"data":["Array","Array","Array","Array","Array"],"element":"Array"} in /Applications/XAMPP/xamppfiles/htdocs/grifCenter/wp-content/plugins/elementor/core/base/document.php:951
Stack trace:
#0 /Applications/XAMPP/xamppfiles/htdocs/grifCenter/wp-content/plugins/astra-sites/inc/importers/batch-processing/class-astra-sites-batch-processing-elementor.php(122): Elementor\Core\Base\Document->get_elements_raw_data(Array, true)
#1 /Applications/XAMPP/xamppfiles/htdocs/grifCenter/wp-content/plugins/astra-sites/inc/importers/batch-processing/class-astra-sites-batch-processing-elementor.php(66): Elementor\TemplateLibrary\Astra_Sites_Batch_Processing_Elementor->import_single_post(1406)
#2 /Applications/XAMPP/xamppfiles/htdocs/grifCenter/wp-content/plugins/astra-sites/inc/importers/batch-processing/helpers/class-wp-background-process-astra.php(41): Elementor\TemplateLibrary\Astra_Sites_Batch_Processing_Elementor->import()
#3 /Applications/XAMPP/xamppfiles/htdocs/grifCenter/wp-content/plugins/woocommerce/includes/libraries/wp-background-process.php(301): WP_Background_Process_Astra->task(Object(Elementor\TemplateLibrary\Astra_Sites_Batch_Processing_Elementor))
#4 /Applications/XAMPP/xamppfiles/htdocs/grifCenter/wp-content/plugins/woocommerce/includes/libraries/wp-background-process.php(447): WP_Background_Process->handle()
#5 /Applications/XAMPP/xamppfiles/htdocs/grifCenter/wp-includes/class-wp-hook.php(308): WP_Background_Process->handle_cron_healthcheck()
#6 /Applications/XAMPP/xamppfiles/htdocs/grifCenter/wp-includes/class-wp-hook.php(332): WP_Hook->apply_filters('', Array)
#7 /Applications/XAMPP/xamppfiles/htdocs/grifCenter/wp-includes/plugin.php(565): WP_Hook->do_action(Array)
#8 /Applications/XAMPP/xamppfiles/htdocs/grifCenter/wp-cron.php(188): do_action_ref_array('wp_image_proces...', Array)
#9 {main}
  thrown in /Applications/XAMPP/xamppfiles/htdocs/grifCenter/wp-content/plugins/elementor/core/base/document.php on line 951

2023-03-14T10:09:51+00:00 CRITICAL Uncaught Exception: Invalid data: {"data":["Array","Array","Array","Array","Array"],"element":"Array"} in /Applications/XAMPP/xamppfiles/htdocs/grifCenter/wp-content/plugins/elementor/core/base/document.php:951
Stack trace:
#0 /Applications/XAMPP/xamppfiles/htdocs/grifCenter/wp-content/plugins/astra-sites/inc/importers/batch-processing/class-astra-sites-batch-processing-elementor.php(122): Elementor\Core\Base\Document->get_elements_raw_data(Array, true)
#1 /Applications/XAMPP/xamppfiles/htdocs/grifCenter/wp-content/plugins/astra-sites/inc/importers/batch-processing/class-astra-sites-batch-processing-elementor.php(66): Elementor\TemplateLibrary\Astra_Sites_Batch_Processing_Elementor->import_single_post(1406)
#2 /Applications/XAMPP/xamppfiles/htdocs/grifCenter/wp-content/plugins/astra-sites/inc/importers/batch-processing/helpers/class-wp-background-process-astra.php(41): Elementor\TemplateLibrary\Astra_Sites_Batch_Processing_Elementor->import()
#3 /Applications/XAMPP/xamppfiles/htdocs/grifCenter/wp-content/plugins/woocommerce/includes/libraries/wp-background-process.php(301): WP_Background_Process_Astra->task(Object(Elementor\TemplateLibrary\Astra_Sites_Batch_Processing_Elementor))
#4 /Applications/XAMPP/xamppfiles/htdocs/grifCenter/wp-content/plugins/woocommerce/includes/libraries/wp-background-process.php(447): WP_Background_Process->handle()
#5 /Applications/XAMPP/xamppfiles/htdocs/grifCenter/wp-includes/class-wp-hook.php(308): WP_Background_Process->handle_cron_healthcheck()
#6 /Applications/XAMPP/xamppfiles/htdocs/grifCenter/wp-includes/class-wp-hook.php(332): WP_Hook->apply_filters('', Array)
#7 /Applications/XAMPP/xamppfiles/htdocs/grifCenter/wp-includes/plugin.php(565): WP_Hook->do_action(Array)
#8 /Applications/XAMPP/xamppfiles/htdocs/grifCenter/wp-cron.php(188): do_action_ref_array('wp_image_proces...', Array)
#9 {main}
  thrown in /Applications/XAMPP/xamppfiles/htdocs/grifCenter/wp-content/plugins/elementor/core/base/document.php on line 951

2023-03-14T10:15:06+00:00 CRITICAL Uncaught Exception: Invalid data: {"data":["Array","Array","Array","Array","Array"],"element":"Array"} in /Applications/XAMPP/xamppfiles/htdocs/grifCenter/wp-content/plugins/elementor/core/base/document.php:951
Stack trace:
#0 /Applications/XAMPP/xamppfiles/htdocs/grifCenter/wp-content/plugins/astra-sites/inc/importers/batch-processing/class-astra-sites-batch-processing-elementor.php(122): Elementor\Core\Base\Document->get_elements_raw_data(Array, true)
#1 /Applications/XAMPP/xamppfiles/htdocs/grifCenter/wp-content/plugins/astra-sites/inc/importers/batch-processing/class-astra-sites-batch-processing-elementor.php(66): Elementor\TemplateLibrary\Astra_Sites_Batch_Processing_Elementor->import_single_post(1406)
#2 /Applications/XAMPP/xamppfiles/htdocs/grifCenter/wp-content/plugins/astra-sites/inc/importers/batch-processing/helpers/class-wp-background-process-astra.php(41): Elementor\TemplateLibrary\Astra_Sites_Batch_Processing_Elementor->import()
#3 /Applications/XAMPP/xamppfiles/htdocs/grifCenter/wp-content/plugins/woocommerce/includes/libraries/wp-background-process.php(301): WP_Background_Process_Astra->task(Object(Elementor\TemplateLibrary\Astra_Sites_Batch_Processing_Elementor))
#4 /Applications/XAMPP/xamppfiles/htdocs/grifCenter/wp-content/plugins/woocommerce/includes/libraries/wp-background-process.php(447): WP_Background_Process->handle()
#5 /Applications/XAMPP/xamppfiles/htdocs/grifCenter/wp-includes/class-wp-hook.php(308): WP_Background_Process->handle_cron_healthcheck()
#6 /Applications/XAMPP/xamppfiles/htdocs/grifCenter/wp-includes/class-wp-hook.php(332): WP_Hook->apply_filters('', Array)
#7 /Applications/XAMPP/xamppfiles/htdocs/grifCenter/wp-includes/plugin.php(565): WP_Hook->do_action(Array)
#8 /Applications/XAMPP/xamppfiles/htdocs/grifCenter/wp-cron.php(188): do_action_ref_array('wp_image_proces...', Array)
#9 {main}
  thrown in /Applications/XAMPP/xamppfiles/htdocs/grifCenter/wp-content/plugins/elementor/core/base/document.php on line 951

2023-03-14T10:19:54+00:00 CRITICAL Uncaught Exception: Invalid data: {"data":["Array","Array","Array","Array","Array"],"element":"Array"} in /Applications/XAMPP/xamppfiles/htdocs/grifCenter/wp-content/plugins/elementor/core/base/document.php:951
Stack trace:
#0 /Applications/XAMPP/xamppfiles/htdocs/grifCenter/wp-content/plugins/astra-sites/inc/importers/batch-processing/class-astra-sites-batch-processing-elementor.php(122): Elementor\Core\Base\Document->get_elements_raw_data(Array, true)
#1 /Applications/XAMPP/xamppfiles/htdocs/grifCenter/wp-content/plugins/astra-sites/inc/importers/batch-processing/class-astra-sites-batch-processing-elementor.php(66): Elementor\TemplateLibrary\Astra_Sites_Batch_Processing_Elementor->import_single_post(1406)
#2 /Applications/XAMPP/xamppfiles/htdocs/grifCenter/wp-content/plugins/astra-sites/inc/importers/batch-processing/helpers/class-wp-background-process-astra.php(41): Elementor\TemplateLibrary\Astra_Sites_Batch_Processing_Elementor->import()
#3 /Applications/XAMPP/xamppfiles/htdocs/grifCenter/wp-content/plugins/woocommerce/includes/libraries/wp-background-process.php(301): WP_Background_Process_Astra->task(Object(Elementor\TemplateLibrary\Astra_Sites_Batch_Processing_Elementor))
#4 /Applications/XAMPP/xamppfiles/htdocs/grifCenter/wp-content/plugins/woocommerce/includes/libraries/wp-background-process.php(447): WP_Background_Process->handle()
#5 /Applications/XAMPP/xamppfiles/htdocs/grifCenter/wp-includes/class-wp-hook.php(308): WP_Background_Process->handle_cron_healthcheck()
#6 /Applications/XAMPP/xamppfiles/htdocs/grifCenter/wp-includes/class-wp-hook.php(332): WP_Hook->apply_filters('', Array)
#7 /Applications/XAMPP/xamppfiles/htdocs/grifCenter/wp-includes/plugin.php(565): WP_Hook->do_action(Array)
#8 /Applications/XAMPP/xamppfiles/htdocs/grifCenter/wp-cron.php(188): do_action_ref_array('wp_image_proces...', Array)
#9 {main}
  thrown in /Applications/XAMPP/xamppfiles/htdocs/grifCenter/wp-content/plugins/elementor/core/base/document.php on line 951

2023-03-14T10:24:59+00:00 CRITICAL Uncaught Exception: Invalid data: {"data":["Array","Array","Array","Array","Array"],"element":"Array"} in /Applications/XAMPP/xamppfiles/htdocs/grifCenter/wp-content/plugins/elementor/core/base/document.php:951
Stack trace:
#0 /Applications/XAMPP/xamppfiles/htdocs/grifCenter/wp-content/plugins/astra-sites/inc/importers/batch-processing/class-astra-sites-batch-processing-elementor.php(122): Elementor\Core\Base\Document->get_elements_raw_data(Array, true)
#1 /Applications/XAMPP/xamppfiles/htdocs/grifCenter/wp-content/plugins/astra-sites/inc/importers/batch-processing/class-astra-sites-batch-processing-elementor.php(66): Elementor\TemplateLibrary\Astra_Sites_Batch_Processing_Elementor->import_single_post(1406)
#2 /Applications/XAMPP/xamppfiles/htdocs/grifCenter/wp-content/plugins/astra-sites/inc/importers/batch-processing/helpers/class-wp-background-process-astra.php(41): Elementor\TemplateLibrary\Astra_Sites_Batch_Processing_Elementor->import()
#3 /Applications/XAMPP/xamppfiles/htdocs/grifCenter/wp-content/plugins/woocommerce/includes/libraries/wp-background-process.php(301): WP_Background_Process_Astra->task(Object(Elementor\TemplateLibrary\Astra_Sites_Batch_Processing_Elementor))
#4 /Applications/XAMPP/xamppfiles/htdocs/grifCenter/wp-content/plugins/woocommerce/includes/libraries/wp-background-process.php(447): WP_Background_Process->handle()
#5 /Applications/XAMPP/xamppfiles/htdocs/grifCenter/wp-includes/class-wp-hook.php(308): WP_Background_Process->handle_cron_healthcheck()
#6 /Applications/XAMPP/xamppfiles/htdocs/grifCenter/wp-includes/class-wp-hook.php(332): WP_Hook->apply_filters('', Array)
#7 /Applications/XAMPP/xamppfiles/htdocs/grifCenter/wp-includes/plugin.php(565): WP_Hook->do_action(Array)
#8 /Applications/XAMPP/xamppfiles/htdocs/grifCenter/wp-cron.php(188): do_action_ref_array('wp_image_proces...', Array)
#9 {main}
  thrown in /Applications/XAMPP/xamppfiles/htdocs/grifCenter/wp-content/plugins/elementor/core/base/document.php on line 951

2023-03-14T10:30:38+00:00 CRITICAL Uncaught Exception: Invalid data: {"data":["Array","Array","Array","Array","Array"],"element":"Array"} in /Applications/XAMPP/xamppfiles/htdocs/grifCenter/wp-content/plugins/elementor/core/base/document.php:951
Stack trace:
#0 /Applications/XAMPP/xamppfiles/htdocs/grifCenter/wp-content/plugins/astra-sites/inc/importers/batch-processing/class-astra-sites-batch-processing-elementor.php(122): Elementor\Core\Base\Document->get_elements_raw_data(Array, true)
#1 /Applications/XAMPP/xamppfiles/htdocs/grifCenter/wp-content/plugins/astra-sites/inc/importers/batch-processing/class-astra-sites-batch-processing-elementor.php(66): Elementor\TemplateLibrary\Astra_Sites_Batch_Processing_Elementor->import_single_post(1406)
#2 /Applications/XAMPP/xamppfiles/htdocs/grifCenter/wp-content/plugins/astra-sites/inc/importers/batch-processing/helpers/class-wp-background-process-astra.php(41): Elementor\TemplateLibrary\Astra_Sites_Batch_Processing_Elementor->import()
#3 /Applications/XAMPP/xamppfiles/htdocs/grifCenter/wp-content/plugins/woocommerce/includes/libraries/wp-background-process.php(301): WP_Background_Process_Astra->task(Object(Elementor\TemplateLibrary\Astra_Sites_Batch_Processing_Elementor))
#4 /Applications/XAMPP/xamppfiles/htdocs/grifCenter/wp-content/plugins/woocommerce/includes/libraries/wp-background-process.php(447): WP_Background_Process->handle()
#5 /Applications/XAMPP/xamppfiles/htdocs/grifCenter/wp-includes/class-wp-hook.php(308): WP_Background_Process->handle_cron_healthcheck()
#6 /Applications/XAMPP/xamppfiles/htdocs/grifCenter/wp-includes/class-wp-hook.php(332): WP_Hook->apply_filters('', Array)
#7 /Applications/XAMPP/xamppfiles/htdocs/grifCenter/wp-includes/plugin.php(565): WP_Hook->do_action(Array)
#8 /Applications/XAMPP/xamppfiles/htdocs/grifCenter/wp-cron.php(188): do_action_ref_array('wp_image_proces...', Array)
#9 {main}
  thrown in /Applications/XAMPP/xamppfiles/htdocs/grifCenter/wp-content/plugins/elementor/core/base/document.php on line 951

2023-03-14T10:36:50+00:00 CRITICAL Uncaught Exception: Invalid data: {"data":["Array","Array","Array","Array","Array"],"element":"Array"} in /Applications/XAMPP/xamppfiles/htdocs/grifCenter/wp-content/plugins/elementor/core/base/document.php:951
Stack trace:
#0 /Applications/XAMPP/xamppfiles/htdocs/grifCenter/wp-content/plugins/astra-sites/inc/importers/batch-processing/class-astra-sites-batch-processing-elementor.php(122): Elementor\Core\Base\Document->get_elements_raw_data(Array, true)
#1 /Applications/XAMPP/xamppfiles/htdocs/grifCenter/wp-content/plugins/astra-sites/inc/importers/batch-processing/class-astra-sites-batch-processing-elementor.php(66): Elementor\TemplateLibrary\Astra_Sites_Batch_Processing_Elementor->import_single_post(1406)
#2 /Applications/XAMPP/xamppfiles/htdocs/grifCenter/wp-content/plugins/astra-sites/inc/importers/batch-processing/helpers/class-wp-background-process-astra.php(41): Elementor\TemplateLibrary\Astra_Sites_Batch_Processing_Elementor->import()
#3 /Applications/XAMPP/xamppfiles/htdocs/grifCenter/wp-content/plugins/woocommerce/includes/libraries/wp-background-process.php(301): WP_Background_Process_Astra->task(Object(Elementor\TemplateLibrary\Astra_Sites_Batch_Processing_Elementor))
#4 /Applications/XAMPP/xamppfiles/htdocs/grifCenter/wp-content/plugins/woocommerce/includes/libraries/wp-background-process.php(447): WP_Background_Process->handle()
#5 /Applications/XAMPP/xamppfiles/htdocs/grifCenter/wp-includes/class-wp-hook.php(308): WP_Background_Process->handle_cron_healthcheck()
#6 /Applications/XAMPP/xamppfiles/htdocs/grifCenter/wp-includes/class-wp-hook.php(332): WP_Hook->apply_filters('', Array)
#7 /Applications/XAMPP/xamppfiles/htdocs/grifCenter/wp-includes/plugin.php(565): WP_Hook->do_action(Array)
#8 /Applications/XAMPP/xamppfiles/htdocs/grifCenter/wp-cron.php(188): do_action_ref_array('wp_image_proces...', Array)
#9 {main}
  thrown in /Applications/XAMPP/xamppfiles/htdocs/grifCenter/wp-content/plugins/elementor/core/base/document.php on line 951

2023-03-14T10:40:55+00:00 CRITICAL Uncaught Exception: Invalid data: {"data":["Array","Array","Array","Array","Array"],"element":"Array"} in /Applications/XAMPP/xamppfiles/htdocs/grifCenter/wp-content/plugins/elementor/core/base/document.php:951
Stack trace:
#0 /Applications/XAMPP/xamppfiles/htdocs/grifCenter/wp-content/plugins/astra-sites/inc/importers/batch-processing/class-astra-sites-batch-processing-elementor.php(122): Elementor\Core\Base\Document->get_elements_raw_data(Array, true)
#1 /Applications/XAMPP/xamppfiles/htdocs/grifCenter/wp-content/plugins/astra-sites/inc/importers/batch-processing/class-astra-sites-batch-processing-elementor.php(66): Elementor\TemplateLibrary\Astra_Sites_Batch_Processing_Elementor->import_single_post(1406)
#2 /Applications/XAMPP/xamppfiles/htdocs/grifCenter/wp-content/plugins/astra-sites/inc/importers/batch-processing/helpers/class-wp-background-process-astra.php(41): Elementor\TemplateLibrary\Astra_Sites_Batch_Processing_Elementor->import()
#3 /Applications/XAMPP/xamppfiles/htdocs/grifCenter/wp-content/plugins/woocommerce/includes/libraries/wp-background-process.php(301): WP_Background_Process_Astra->task(Object(Elementor\TemplateLibrary\Astra_Sites_Batch_Processing_Elementor))
#4 /Applications/XAMPP/xamppfiles/htdocs/grifCenter/wp-content/plugins/woocommerce/includes/libraries/wp-background-process.php(447): WP_Background_Process->handle()
#5 /Applications/XAMPP/xamppfiles/htdocs/grifCenter/wp-includes/class-wp-hook.php(308): WP_Background_Process->handle_cron_healthcheck()
#6 /Applications/XAMPP/xamppfiles/htdocs/grifCenter/wp-includes/class-wp-hook.php(332): WP_Hook->apply_filters('', Array)
#7 /Applications/XAMPP/xamppfiles/htdocs/grifCenter/wp-includes/plugin.php(565): WP_Hook->do_action(Array)
#8 /Applications/XAMPP/xamppfiles/htdocs/grifCenter/wp-cron.php(188): do_action_ref_array('wp_image_proces...', Array)
#9 {main}
  thrown in /Applications/XAMPP/xamppfiles/htdocs/grifCenter/wp-content/plugins/elementor/core/base/document.php on line 951

2023-03-14T10:46:20+00:00 CRITICAL Uncaught Exception: Invalid data: {"data":["Array","Array","Array","Array","Array"],"element":"Array"} in /Applications/XAMPP/xamppfiles/htdocs/grifCenter/wp-content/plugins/elementor/core/base/document.php:951
Stack trace:
#0 /Applications/XAMPP/xamppfiles/htdocs/grifCenter/wp-content/plugins/astra-sites/inc/importers/batch-processing/class-astra-sites-batch-processing-elementor.php(122): Elementor\Core\Base\Document->get_elements_raw_data(Array, true)
#1 /Applications/XAMPP/xamppfiles/htdocs/grifCenter/wp-content/plugins/astra-sites/inc/importers/batch-processing/class-astra-sites-batch-processing-elementor.php(66): Elementor\TemplateLibrary\Astra_Sites_Batch_Processing_Elementor->import_single_post(1406)
#2 /Applications/XAMPP/xamppfiles/htdocs/grifCenter/wp-content/plugins/astra-sites/inc/importers/batch-processing/helpers/class-wp-background-process-astra.php(41): Elementor\TemplateLibrary\Astra_Sites_Batch_Processing_Elementor->import()
#3 /Applications/XAMPP/xamppfiles/htdocs/grifCenter/wp-content/plugins/woocommerce/includes/libraries/wp-background-process.php(301): WP_Background_Process_Astra->task(Object(Elementor\TemplateLibrary\Astra_Sites_Batch_Processing_Elementor))
#4 /Applications/XAMPP/xamppfiles/htdocs/grifCenter/wp-content/plugins/woocommerce/includes/libraries/wp-background-process.php(447): WP_Background_Process->handle()
#5 /Applications/XAMPP/xamppfiles/htdocs/grifCenter/wp-includes/class-wp-hook.php(308): WP_Background_Process->handle_cron_healthcheck()
#6 /Applications/XAMPP/xamppfiles/htdocs/grifCenter/wp-includes/class-wp-hook.php(332): WP_Hook->apply_filters('', Array)
#7 /Applications/XAMPP/xamppfiles/htdocs/grifCenter/wp-includes/plugin.php(565): WP_Hook->do_action(Array)
#8 /Applications/XAMPP/xamppfiles/htdocs/grifCenter/wp-cron.php(188): do_action_ref_array('wp_image_proces...', Array)
#9 {main}
  thrown in /Applications/XAMPP/xamppfiles/htdocs/grifCenter/wp-content/plugins/elementor/core/base/document.php on line 951

2023-03-14T10:51:06+00:00 CRITICAL Uncaught Exception: Invalid data: {"data":["Array","Array","Array","Array","Array"],"element":"Array"} in /Applications/XAMPP/xamppfiles/htdocs/grifCenter/wp-content/plugins/elementor/core/base/document.php:951
Stack trace:
#0 /Applications/XAMPP/xamppfiles/htdocs/grifCenter/wp-content/plugins/astra-sites/inc/importers/batch-processing/class-astra-sites-batch-processing-elementor.php(122): Elementor\Core\Base\Document->get_elements_raw_data(Array, true)
#1 /Applications/XAMPP/xamppfiles/htdocs/grifCenter/wp-content/plugins/astra-sites/inc/importers/batch-processing/class-astra-sites-batch-processing-elementor.php(66): Elementor\TemplateLibrary\Astra_Sites_Batch_Processing_Elementor->import_single_post(1406)
#2 /Applications/XAMPP/xamppfiles/htdocs/grifCenter/wp-content/plugins/astra-sites/inc/importers/batch-processing/helpers/class-wp-background-process-astra.php(41): Elementor\TemplateLibrary\Astra_Sites_Batch_Processing_Elementor->import()
#3 /Applications/XAMPP/xamppfiles/htdocs/grifCenter/wp-content/plugins/woocommerce/includes/libraries/wp-background-process.php(301): WP_Background_Process_Astra->task(Object(Elementor\TemplateLibrary\Astra_Sites_Batch_Processing_Elementor))
#4 /Applications/XAMPP/xamppfiles/htdocs/grifCenter/wp-content/plugins/woocommerce/includes/libraries/wp-background-process.php(447): WP_Background_Process->handle()
#5 /Applications/XAMPP/xamppfiles/htdocs/grifCenter/wp-includes/class-wp-hook.php(308): WP_Background_Process->handle_cron_healthcheck()
#6 /Applications/XAMPP/xamppfiles/htdocs/grifCenter/wp-includes/class-wp-hook.php(332): WP_Hook->apply_filters('', Array)
#7 /Applications/XAMPP/xamppfiles/htdocs/grifCenter/wp-includes/plugin.php(565): WP_Hook->do_action(Array)
#8 /Applications/XAMPP/xamppfiles/htdocs/grifCenter/wp-cron.php(188): do_action_ref_array('wp_image_proces...', Array)
#9 {main}
  thrown in /Applications/XAMPP/xamppfiles/htdocs/grifCenter/wp-content/plugins/elementor/core/base/document.php on line 951

2023-03-14T10:55:20+00:00 CRITICAL Uncaught Exception: Invalid data: {"data":["Array","Array","Array","Array","Array"],"element":"Array"} in /Applications/XAMPP/xamppfiles/htdocs/grifCenter/wp-content/plugins/elementor/core/base/document.php:951
Stack trace:
#0 /Applications/XAMPP/xamppfiles/htdocs/grifCenter/wp-content/plugins/astra-sites/inc/importers/batch-processing/class-astra-sites-batch-processing-elementor.php(122): Elementor\Core\Base\Document->get_elements_raw_data(Array, true)
#1 /Applications/XAMPP/xamppfiles/htdocs/grifCenter/wp-content/plugins/astra-sites/inc/importers/batch-processing/class-astra-sites-batch-processing-elementor.php(66): Elementor\TemplateLibrary\Astra_Sites_Batch_Processing_Elementor->import_single_post(1406)
#2 /Applications/XAMPP/xamppfiles/htdocs/grifCenter/wp-content/plugins/astra-sites/inc/importers/batch-processing/helpers/class-wp-background-process-astra.php(41): Elementor\TemplateLibrary\Astra_Sites_Batch_Processing_Elementor->import()
#3 /Applications/XAMPP/xamppfiles/htdocs/grifCenter/wp-content/plugins/woocommerce/includes/libraries/wp-background-process.php(301): WP_Background_Process_Astra->task(Object(Elementor\TemplateLibrary\Astra_Sites_Batch_Processing_Elementor))
#4 /Applications/XAMPP/xamppfiles/htdocs/grifCenter/wp-content/plugins/woocommerce/includes/libraries/wp-background-process.php(447): WP_Background_Process->handle()
#5 /Applications/XAMPP/xamppfiles/htdocs/grifCenter/wp-includes/class-wp-hook.php(308): WP_Background_Process->handle_cron_healthcheck()
#6 /Applications/XAMPP/xamppfiles/htdocs/grifCenter/wp-includes/class-wp-hook.php(332): WP_Hook->apply_filters('', Array)
#7 /Applications/XAMPP/xamppfiles/htdocs/grifCenter/wp-includes/plugin.php(565): WP_Hook->do_action(Array)
#8 /Applications/XAMPP/xamppfiles/htdocs/grifCenter/wp-cron.php(188): do_action_ref_array('wp_image_proces...', Array)
#9 {main}
  thrown in /Applications/XAMPP/xamppfiles/htdocs/grifCenter/wp-content/plugins/elementor/core/base/document.php on line 951

2023-03-14T11:01:38+00:00 CRITICAL Uncaught Exception: Invalid data: {"data":["Array","Array","Array","Array","Array"],"element":"Array"} in /Applications/XAMPP/xamppfiles/htdocs/grifCenter/wp-content/plugins/elementor/core/base/document.php:951
Stack trace:
#0 /Applications/XAMPP/xamppfiles/htdocs/grifCenter/wp-content/plugins/astra-sites/inc/importers/batch-processing/class-astra-sites-batch-processing-elementor.php(122): Elementor\Core\Base\Document->get_elements_raw_data(Array, true)
#1 /Applications/XAMPP/xamppfiles/htdocs/grifCenter/wp-content/plugins/astra-sites/inc/importers/batch-processing/class-astra-sites-batch-processing-elementor.php(66): Elementor\TemplateLibrary\Astra_Sites_Batch_Processing_Elementor->import_single_post(1406)
#2 /Applications/XAMPP/xamppfiles/htdocs/grifCenter/wp-content/plugins/astra-sites/inc/importers/batch-processing/helpers/class-wp-background-process-astra.php(41): Elementor\TemplateLibrary\Astra_Sites_Batch_Processing_Elementor->import()
#3 /Applications/XAMPP/xamppfiles/htdocs/grifCenter/wp-content/plugins/woocommerce/includes/libraries/wp-background-process.php(301): WP_Background_Process_Astra->task(Object(Elementor\TemplateLibrary\Astra_Sites_Batch_Processing_Elementor))
#4 /Applications/XAMPP/xamppfiles/htdocs/grifCenter/wp-content/plugins/woocommerce/includes/libraries/wp-background-process.php(447): WP_Background_Process->handle()
#5 /Applications/XAMPP/xamppfiles/htdocs/grifCenter/wp-includes/class-wp-hook.php(308): WP_Background_Process->handle_cron_healthcheck()
#6 /Applications/XAMPP/xamppfiles/htdocs/grifCenter/wp-includes/class-wp-hook.php(332): WP_Hook->apply_filters('', Array)
#7 /Applications/XAMPP/xamppfiles/htdocs/grifCenter/wp-includes/plugin.php(565): WP_Hook->do_action(Array)
#8 /Applications/XAMPP/xamppfiles/htdocs/grifCenter/wp-cron.php(188): do_action_ref_array('wp_image_proces...', Array)
#9 {main}
  thrown in /Applications/XAMPP/xamppfiles/htdocs/grifCenter/wp-content/plugins/elementor/core/base/document.php on line 951

2023-03-14T11:06:09+00:00 CRITICAL Uncaught Exception: Invalid data: {"data":["Array","Array","Array","Array","Array"],"element":"Array"} in /Applications/XAMPP/xamppfiles/htdocs/grifCenter/wp-content/plugins/elementor/core/base/document.php:951
Stack trace:
#0 /Applications/XAMPP/xamppfiles/htdocs/grifCenter/wp-content/plugins/astra-sites/inc/importers/batch-processing/class-astra-sites-batch-processing-elementor.php(122): Elementor\Core\Base\Document->get_elements_raw_data(Array, true)
#1 /Applications/XAMPP/xamppfiles/htdocs/grifCenter/wp-content/plugins/astra-sites/inc/importers/batch-processing/class-astra-sites-batch-processing-elementor.php(66): Elementor\TemplateLibrary\Astra_Sites_Batch_Processing_Elementor->import_single_post(1406)
#2 /Applications/XAMPP/xamppfiles/htdocs/grifCenter/wp-content/plugins/astra-sites/inc/importers/batch-processing/helpers/class-wp-background-process-astra.php(41): Elementor\TemplateLibrary\Astra_Sites_Batch_Processing_Elementor->import()
#3 /Applications/XAMPP/xamppfiles/htdocs/grifCenter/wp-content/plugins/woocommerce/includes/libraries/wp-background-process.php(301): WP_Background_Process_Astra->task(Object(Elementor\TemplateLibrary\Astra_Sites_Batch_Processing_Elementor))
#4 /Applications/XAMPP/xamppfiles/htdocs/grifCenter/wp-content/plugins/woocommerce/includes/libraries/wp-background-process.php(447): WP_Background_Process->handle()
#5 /Applications/XAMPP/xamppfiles/htdocs/grifCenter/wp-includes/class-wp-hook.php(308): WP_Background_Process->handle_cron_healthcheck()
#6 /Applications/XAMPP/xamppfiles/htdocs/grifCenter/wp-includes/class-wp-hook.php(332): WP_Hook->apply_filters('', Array)
#7 /Applications/XAMPP/xamppfiles/htdocs/grifCenter/wp-includes/plugin.php(565): WP_Hook->do_action(Array)
#8 /Applications/XAMPP/xamppfiles/htdocs/grifCenter/wp-cron.php(188): do_action_ref_array('wp_image_proces...', Array)
#9 {main}
  thrown in /Applications/XAMPP/xamppfiles/htdocs/grifCenter/wp-content/plugins/elementor/core/base/document.php on line 951

2023-03-14T11:10:19+00:00 CRITICAL Uncaught Exception: Invalid data: {"data":["Array","Array","Array","Array","Array"],"element":"Array"} in /Applications/XAMPP/xamppfiles/htdocs/grifCenter/wp-content/plugins/elementor/core/base/document.php:951
Stack trace:
#0 /Applications/XAMPP/xamppfiles/htdocs/grifCenter/wp-content/plugins/astra-sites/inc/importers/batch-processing/class-astra-sites-batch-processing-elementor.php(122): Elementor\Core\Base\Document->get_elements_raw_data(Array, true)
#1 /Applications/XAMPP/xamppfiles/htdocs/grifCenter/wp-content/plugins/astra-sites/inc/importers/batch-processing/class-astra-sites-batch-processing-elementor.php(66): Elementor\TemplateLibrary\Astra_Sites_Batch_Processing_Elementor->import_single_post(1406)
#2 /Applications/XAMPP/xamppfiles/htdocs/grifCenter/wp-content/plugins/astra-sites/inc/importers/batch-processing/helpers/class-wp-background-process-astra.php(41): Elementor\TemplateLibrary\Astra_Sites_Batch_Processing_Elementor->import()
#3 /Applications/XAMPP/xamppfiles/htdocs/grifCenter/wp-content/plugins/woocommerce/includes/libraries/wp-background-process.php(301): WP_Background_Process_Astra->task(Object(Elementor\TemplateLibrary\Astra_Sites_Batch_Processing_Elementor))
#4 /Applications/XAMPP/xamppfiles/htdocs/grifCenter/wp-content/plugins/woocommerce/includes/libraries/wp-background-process.php(447): WP_Background_Process->handle()
#5 /Applications/XAMPP/xamppfiles/htdocs/grifCenter/wp-includes/class-wp-hook.php(308): WP_Background_Process->handle_cron_healthcheck()
#6 /Applications/XAMPP/xamppfiles/htdocs/grifCenter/wp-includes/class-wp-hook.php(332): WP_Hook->apply_filters('', Array)
#7 /Applications/XAMPP/xamppfiles/htdocs/grifCenter/wp-includes/plugin.php(565): WP_Hook->do_action(Array)
#8 /Applications/XAMPP/xamppfiles/htdocs/grifCenter/wp-cron.php(188): do_action_ref_array('wp_image_proces...', Array)
#9 {main}
  thrown in /Applications/XAMPP/xamppfiles/htdocs/grifCenter/wp-content/plugins/elementor/core/base/document.php on line 951

2023-03-14T11:16:40+00:00 CRITICAL Uncaught Exception: Invalid data: {"data":["Array","Array","Array","Array","Array"],"element":"Array"} in /Applications/XAMPP/xamppfiles/htdocs/grifCenter/wp-content/plugins/elementor/core/base/document.php:951
Stack trace:
#0 /Applications/XAMPP/xamppfiles/htdocs/grifCenter/wp-content/plugins/astra-sites/inc/importers/batch-processing/class-astra-sites-batch-processing-elementor.php(122): Elementor\Core\Base\Document->get_elements_raw_data(Array, true)
#1 /Applications/XAMPP/xamppfiles/htdocs/grifCenter/wp-content/plugins/astra-sites/inc/importers/batch-processing/class-astra-sites-batch-processing-elementor.php(66): Elementor\TemplateLibrary\Astra_Sites_Batch_Processing_Elementor->import_single_post(1406)
#2 /Applications/XAMPP/xamppfiles/htdocs/grifCenter/wp-content/plugins/astra-sites/inc/importers/batch-processing/helpers/class-wp-background-process-astra.php(41): Elementor\TemplateLibrary\Astra_Sites_Batch_Processing_Elementor->import()
#3 /Applications/XAMPP/xamppfiles/htdocs/grifCenter/wp-content/plugins/woocommerce/includes/libraries/wp-background-process.php(301): WP_Background_Process_Astra->task(Object(Elementor\TemplateLibrary\Astra_Sites_Batch_Processing_Elementor))
#4 /Applications/XAMPP/xamppfiles/htdocs/grifCenter/wp-content/plugins/woocommerce/includes/libraries/wp-background-process.php(447): WP_Background_Process->handle()
#5 /Applications/XAMPP/xamppfiles/htdocs/grifCenter/wp-includes/class-wp-hook.php(308): WP_Background_Process->handle_cron_healthcheck()
#6 /Applications/XAMPP/xamppfiles/htdocs/grifCenter/wp-includes/class-wp-hook.php(332): WP_Hook->apply_filters('', Array)
#7 /Applications/XAMPP/xamppfiles/htdocs/grifCenter/wp-includes/plugin.php(565): WP_Hook->do_action(Array)
#8 /Applications/XAMPP/xamppfiles/htdocs/grifCenter/wp-cron.php(188): do_action_ref_array('wp_image_proces...', Array)
#9 {main}
  thrown in /Applications/XAMPP/xamppfiles/htdocs/grifCenter/wp-content/plugins/elementor/core/base/document.php on line 951

2023-03-14T11:21:15+00:00 CRITICAL Uncaught Exception: Invalid data: {"data":["Array","Array","Array","Array","Array"],"element":"Array"} in /Applications/XAMPP/xamppfiles/htdocs/grifCenter/wp-content/plugins/elementor/core/base/document.php:951
Stack trace:
#0 /Applications/XAMPP/xamppfiles/htdocs/grifCenter/wp-content/plugins/astra-sites/inc/importers/batch-processing/class-astra-sites-batch-processing-elementor.php(122): Elementor\Core\Base\Document->get_elements_raw_data(Array, true)
#1 /Applications/XAMPP/xamppfiles/htdocs/grifCenter/wp-content/plugins/astra-sites/inc/importers/batch-processing/class-astra-sites-batch-processing-elementor.php(66): Elementor\TemplateLibrary\Astra_Sites_Batch_Processing_Elementor->import_single_post(1406)
#2 /Applications/XAMPP/xamppfiles/htdocs/grifCenter/wp-content/plugins/astra-sites/inc/importers/batch-processing/helpers/class-wp-background-process-astra.php(41): Elementor\TemplateLibrary\Astra_Sites_Batch_Processing_Elementor->import()
#3 /Applications/XAMPP/xamppfiles/htdocs/grifCenter/wp-content/plugins/woocommerce/includes/libraries/wp-background-process.php(301): WP_Background_Process_Astra->task(Object(Elementor\TemplateLibrary\Astra_Sites_Batch_Processing_Elementor))
#4 /Applications/XAMPP/xamppfiles/htdocs/grifCenter/wp-content/plugins/woocommerce/includes/libraries/wp-background-process.php(447): WP_Background_Process->handle()
#5 /Applications/XAMPP/xamppfiles/htdocs/grifCenter/wp-includes/class-wp-hook.php(308): WP_Background_Process->handle_cron_healthcheck()
#6 /Applications/XAMPP/xamppfiles/htdocs/grifCenter/wp-includes/class-wp-hook.php(332): WP_Hook->apply_filters('', Array)
#7 /Applications/XAMPP/xamppfiles/htdocs/grifCenter/wp-includes/plugin.php(565): WP_Hook->do_action(Array)
#8 /Applications/XAMPP/xamppfiles/htdocs/grifCenter/wp-cron.php(188): do_action_ref_array('wp_image_proces...', Array)
#9 {main}
  thrown in /Applications/XAMPP/xamppfiles/htdocs/grifCenter/wp-content/plugins/elementor/core/base/document.php on line 951

2023-03-14T11:25:27+00:00 CRITICAL Uncaught Exception: Invalid data: {"data":["Array","Array","Array","Array","Array"],"element":"Array"} in /Applications/XAMPP/xamppfiles/htdocs/grifCenter/wp-content/plugins/elementor/core/base/document.php:951
Stack trace:
#0 /Applications/XAMPP/xamppfiles/htdocs/grifCenter/wp-content/plugins/astra-sites/inc/importers/batch-processing/class-astra-sites-batch-processing-elementor.php(122): Elementor\Core\Base\Document->get_elements_raw_data(Array, true)
#1 /Applications/XAMPP/xamppfiles/htdocs/grifCenter/wp-content/plugins/astra-sites/inc/importers/batch-processing/class-astra-sites-batch-processing-elementor.php(66): Elementor\TemplateLibrary\Astra_Sites_Batch_Processing_Elementor->import_single_post(1406)
#2 /Applications/XAMPP/xamppfiles/htdocs/grifCenter/wp-content/plugins/astra-sites/inc/importers/batch-processing/helpers/class-wp-background-process-astra.php(41): Elementor\TemplateLibrary\Astra_Sites_Batch_Processing_Elementor->import()
#3 /Applications/XAMPP/xamppfiles/htdocs/grifCenter/wp-content/plugins/woocommerce/includes/libraries/wp-background-process.php(301): WP_Background_Process_Astra->task(Object(Elementor\TemplateLibrary\Astra_Sites_Batch_Processing_Elementor))
#4 /Applications/XAMPP/xamppfiles/htdocs/grifCenter/wp-content/plugins/woocommerce/includes/libraries/wp-background-process.php(447): WP_Background_Process->handle()
#5 /Applications/XAMPP/xamppfiles/htdocs/grifCenter/wp-includes/class-wp-hook.php(308): WP_Background_Process->handle_cron_healthcheck()
#6 /Applications/XAMPP/xamppfiles/htdocs/grifCenter/wp-includes/class-wp-hook.php(332): WP_Hook->apply_filters('', Array)
#7 /Applications/XAMPP/xamppfiles/htdocs/grifCenter/wp-includes/plugin.php(565): WP_Hook->do_action(Array)
#8 /Applications/XAMPP/xamppfiles/htdocs/grifCenter/wp-cron.php(188): do_action_ref_array('wp_image_proces...', Array)
#9 {main}
  thrown in /Applications/XAMPP/xamppfiles/htdocs/grifCenter/wp-content/plugins/elementor/core/base/document.php on line 951

2023-03-14T11:32:04+00:00 CRITICAL Uncaught Exception: Invalid data: {"data":["Array","Array","Array","Array","Array"],"element":"Array"} in /Applications/XAMPP/xamppfiles/htdocs/grifCenter/wp-content/plugins/elementor/core/base/document.php:951
Stack trace:
#0 /Applications/XAMPP/xamppfiles/htdocs/grifCenter/wp-content/plugins/astra-sites/inc/importers/batch-processing/class-astra-sites-batch-processing-elementor.php(122): Elementor\Core\Base\Document->get_elements_raw_data(Array, true)
#1 /Applications/XAMPP/xamppfiles/htdocs/grifCenter/wp-content/plugins/astra-sites/inc/importers/batch-processing/class-astra-sites-batch-processing-elementor.php(66): Elementor\TemplateLibrary\Astra_Sites_Batch_Processing_Elementor->import_single_post(1406)
#2 /Applications/XAMPP/xamppfiles/htdocs/grifCenter/wp-content/plugins/astra-sites/inc/importers/batch-processing/helpers/class-wp-background-process-astra.php(41): Elementor\TemplateLibrary\Astra_Sites_Batch_Processing_Elementor->import()
#3 /Applications/XAMPP/xamppfiles/htdocs/grifCenter/wp-content/plugins/woocommerce/includes/libraries/wp-background-process.php(301): WP_Background_Process_Astra->task(Object(Elementor\TemplateLibrary\Astra_Sites_Batch_Processing_Elementor))
#4 /Applications/XAMPP/xamppfiles/htdocs/grifCenter/wp-content/plugins/woocommerce/includes/libraries/wp-background-process.php(447): WP_Background_Process->handle()
#5 /Applications/XAMPP/xamppfiles/htdocs/grifCenter/wp-includes/class-wp-hook.php(308): WP_Background_Process->handle_cron_healthcheck()
#6 /Applications/XAMPP/xamppfiles/htdocs/grifCenter/wp-includes/class-wp-hook.php(332): WP_Hook->apply_filters('', Array)
#7 /Applications/XAMPP/xamppfiles/htdocs/grifCenter/wp-includes/plugin.php(565): WP_Hook->do_action(Array)
#8 /Applications/XAMPP/xamppfiles/htdocs/grifCenter/wp-cron.php(188): do_action_ref_array('wp_image_proces...', Array)
#9 {main}
  thrown in /Applications/XAMPP/xamppfiles/htdocs/grifCenter/wp-content/plugins/elementor/core/base/document.php on line 951

2023-03-14T11:59:46+00:00 CRITICAL Uncaught Exception: Invalid data: {"data":["Array","Array","Array","Array","Array"],"element":"Array"} in /Applications/XAMPP/xamppfiles/htdocs/grifCenter/wp-content/plugins/elementor/core/base/document.php:951
Stack trace:
#0 /Applications/XAMPP/xamppfiles/htdocs/grifCenter/wp-content/plugins/astra-sites/inc/importers/batch-processing/class-astra-sites-batch-processing-elementor.php(122): Elementor\Core\Base\Document->get_elements_raw_data(Array, true)
#1 /Applications/XAMPP/xamppfiles/htdocs/grifCenter/wp-content/plugins/astra-sites/inc/importers/batch-processing/class-astra-sites-batch-processing-elementor.php(66): Elementor\TemplateLibrary\Astra_Sites_Batch_Processing_Elementor->import_single_post(1406)
#2 /Applications/XAMPP/xamppfiles/htdocs/grifCenter/wp-content/plugins/astra-sites/inc/importers/batch-processing/helpers/class-wp-background-process-astra.php(41): Elementor\TemplateLibrary\Astra_Sites_Batch_Processing_Elementor->import()
#3 /Applications/XAMPP/xamppfiles/htdocs/grifCenter/wp-content/plugins/woocommerce/includes/libraries/wp-background-process.php(301): WP_Background_Process_Astra->task(Object(Elementor\TemplateLibrary\Astra_Sites_Batch_Processing_Elementor))
#4 /Applications/XAMPP/xamppfiles/htdocs/grifCenter/wp-content/plugins/woocommerce/includes/libraries/wp-background-process.php(447): WP_Background_Process->handle()
#5 /Applications/XAMPP/xamppfiles/htdocs/grifCenter/wp-includes/class-wp-hook.php(308): WP_Background_Process->handle_cron_healthcheck()
#6 /Applications/XAMPP/xamppfiles/htdocs/grifCenter/wp-includes/class-wp-hook.php(332): WP_Hook->apply_filters('', Array)
#7 /Applications/XAMPP/xamppfiles/htdocs/grifCenter/wp-includes/plugin.php(565): WP_Hook->do_action(Array)
#8 /Applications/XAMPP/xamppfiles/htdocs/grifCenter/wp-cron.php(188): do_action_ref_array('wp_image_proces...', Array)
#9 {main}
  thrown in /Applications/XAMPP/xamppfiles/htdocs/grifCenter/wp-content/plugins/elementor/core/base/document.php on line 951

2023-03-14T12:24:40+00:00 CRITICAL Uncaught Exception: Invalid data: {"data":["Array","Array","Array","Array","Array"],"element":"Array"} in /Applications/XAMPP/xamppfiles/htdocs/grifCenter/wp-content/plugins/elementor/core/base/document.php:951
Stack trace:
#0 /Applications/XAMPP/xamppfiles/htdocs/grifCenter/wp-content/plugins/astra-sites/inc/importers/batch-processing/class-astra-sites-batch-processing-elementor.php(122): Elementor\Core\Base\Document->get_elements_raw_data(Array, true)
#1 /Applications/XAMPP/xamppfiles/htdocs/grifCenter/wp-content/plugins/astra-sites/inc/importers/batch-processing/class-astra-sites-batch-processing-elementor.php(66): Elementor\TemplateLibrary\Astra_Sites_Batch_Processing_Elementor->import_single_post(1406)
#2 /Applications/XAMPP/xamppfiles/htdocs/grifCenter/wp-content/plugins/astra-sites/inc/importers/batch-processing/helpers/class-wp-background-process-astra.php(41): Elementor\TemplateLibrary\Astra_Sites_Batch_Processing_Elementor->import()
#3 /Applications/XAMPP/xamppfiles/htdocs/grifCenter/wp-content/plugins/woocommerce/includes/libraries/wp-background-process.php(301): WP_Background_Process_Astra->task(Object(Elementor\TemplateLibrary\Astra_Sites_Batch_Processing_Elementor))
#4 /Applications/XAMPP/xamppfiles/htdocs/grifCenter/wp-content/plugins/woocommerce/includes/libraries/wp-background-process.php(447): WP_Background_Process->handle()
#5 /Applications/XAMPP/xamppfiles/htdocs/grifCenter/wp-includes/class-wp-hook.php(308): WP_Background_Process->handle_cron_healthcheck()
#6 /Applications/XAMPP/xamppfiles/htdocs/grifCenter/wp-includes/class-wp-hook.php(332): WP_Hook->apply_filters('', Array)
#7 /Applications/XAMPP/xamppfiles/htdocs/grifCenter/wp-includes/plugin.php(565): WP_Hook->do_action(Array)
#8 /Applications/XAMPP/xamppfiles/htdocs/grifCenter/wp-cron.php(188): do_action_ref_array('wp_image_proces...', Array)
#9 {main}
  thrown in /Applications/XAMPP/xamppfiles/htdocs/grifCenter/wp-content/plugins/elementor/core/base/document.php on line 951

2023-03-14T12:28:30+00:00 CRITICAL Uncaught Exception: Invalid data: {"data":["Array","Array","Array","Array","Array"],"element":"Array"} in /Applications/XAMPP/xamppfiles/htdocs/grifCenter/wp-content/plugins/elementor/core/base/document.php:951
Stack trace:
#0 /Applications/XAMPP/xamppfiles/htdocs/grifCenter/wp-content/plugins/astra-sites/inc/importers/batch-processing/class-astra-sites-batch-processing-elementor.php(122): Elementor\Core\Base\Document->get_elements_raw_data(Array, true)
#1 /Applications/XAMPP/xamppfiles/htdocs/grifCenter/wp-content/plugins/astra-sites/inc/importers/batch-processing/class-astra-sites-batch-processing-elementor.php(66): Elementor\TemplateLibrary\Astra_Sites_Batch_Processing_Elementor->import_single_post(1406)
#2 /Applications/XAMPP/xamppfiles/htdocs/grifCenter/wp-content/plugins/astra-sites/inc/importers/batch-processing/helpers/class-wp-background-process-astra.php(41): Elementor\TemplateLibrary\Astra_Sites_Batch_Processing_Elementor->import()
#3 /Applications/XAMPP/xamppfiles/htdocs/grifCenter/wp-content/plugins/woocommerce/includes/libraries/wp-background-process.php(301): WP_Background_Process_Astra->task(Object(Elementor\TemplateLibrary\Astra_Sites_Batch_Processing_Elementor))
#4 /Applications/XAMPP/xamppfiles/htdocs/grifCenter/wp-content/plugins/woocommerce/includes/libraries/wp-background-process.php(447): WP_Background_Process->handle()
#5 /Applications/XAMPP/xamppfiles/htdocs/grifCenter/wp-includes/class-wp-hook.php(308): WP_Background_Process->handle_cron_healthcheck()
#6 /Applications/XAMPP/xamppfiles/htdocs/grifCenter/wp-includes/class-wp-hook.php(332): WP_Hook->apply_filters('', Array)
#7 /Applications/XAMPP/xamppfiles/htdocs/grifCenter/wp-includes/plugin.php(565): WP_Hook->do_action(Array)
#8 /Applications/XAMPP/xamppfiles/htdocs/grifCenter/wp-cron.php(188): do_action_ref_array('wp_image_proces...', Array)
#9 {main}
  thrown in /Applications/XAMPP/xamppfiles/htdocs/grifCenter/wp-content/plugins/elementor/core/base/document.php on line 951

2023-03-14T12:30:07+00:00 CRITICAL Uncaught Exception: Invalid data: {"data":["Array","Array","Array","Array","Array"],"element":"Array"} in /Applications/XAMPP/xamppfiles/htdocs/grifCenter/wp-content/plugins/elementor/core/base/document.php:951
Stack trace:
#0 /Applications/XAMPP/xamppfiles/htdocs/grifCenter/wp-content/plugins/astra-sites/inc/importers/batch-processing/class-astra-sites-batch-processing-elementor.php(122): Elementor\Core\Base\Document->get_elements_raw_data(Array, true)
#1 /Applications/XAMPP/xamppfiles/htdocs/grifCenter/wp-content/plugins/astra-sites/inc/importers/batch-processing/class-astra-sites-batch-processing-elementor.php(66): Elementor\TemplateLibrary\Astra_Sites_Batch_Processing_Elementor->import_single_post(1406)
#2 /Applications/XAMPP/xamppfiles/htdocs/grifCenter/wp-content/plugins/astra-sites/inc/importers/batch-processing/helpers/class-wp-background-process-astra.php(41): Elementor\TemplateLibrary\Astra_Sites_Batch_Processing_Elementor->import()
#3 /Applications/XAMPP/xamppfiles/htdocs/grifCenter/wp-content/plugins/woocommerce/includes/libraries/wp-background-process.php(301): WP_Background_Process_Astra->task(Object(Elementor\TemplateLibrary\Astra_Sites_Batch_Processing_Elementor))
#4 /Applications/XAMPP/xamppfiles/htdocs/grifCenter/wp-content/plugins/woocommerce/includes/libraries/wp-background-process.php(447): WP_Background_Process->handle()
#5 /Applications/XAMPP/xamppfiles/htdocs/grifCenter/wp-includes/class-wp-hook.php(308): WP_Background_Process->handle_cron_healthcheck()
#6 /Applications/XAMPP/xamppfiles/htdocs/grifCenter/wp-includes/class-wp-hook.php(332): WP_Hook->apply_filters('', Array)
#7 /Applications/XAMPP/xamppfiles/htdocs/grifCenter/wp-includes/plugin.php(565): WP_Hook->do_action(Array)
#8 /Applications/XAMPP/xamppfiles/htdocs/grifCenter/wp-cron.php(188): do_action_ref_array('wp_image_proces...', Array)
#9 {main}
  thrown in /Applications/XAMPP/xamppfiles/htdocs/grifCenter/wp-content/plugins/elementor/core/base/document.php on line 951

2023-03-14T12:50:28+00:00 CRITICAL Uncaught Exception: Invalid data: {"data":["Array","Array","Array","Array","Array"],"element":"Array"} in /Applications/XAMPP/xamppfiles/htdocs/grifCenter/wp-content/plugins/elementor/core/base/document.php:951
Stack trace:
#0 /Applications/XAMPP/xamppfiles/htdocs/grifCenter/wp-content/plugins/astra-sites/inc/importers/batch-processing/class-astra-sites-batch-processing-elementor.php(122): Elementor\Core\Base\Document->get_elements_raw_data(Array, true)
#1 /Applications/XAMPP/xamppfiles/htdocs/grifCenter/wp-content/plugins/astra-sites/inc/importers/batch-processing/class-astra-sites-batch-processing-elementor.php(66): Elementor\TemplateLibrary\Astra_Sites_Batch_Processing_Elementor->import_single_post(1406)
#2 /Applications/XAMPP/xamppfiles/htdocs/grifCenter/wp-content/plugins/astra-sites/inc/importers/batch-processing/helpers/class-wp-background-process-astra.php(41): Elementor\TemplateLibrary\Astra_Sites_Batch_Processing_Elementor->import()
#3 /Applications/XAMPP/xamppfiles/htdocs/grifCenter/wp-content/plugins/woocommerce/includes/libraries/wp-background-process.php(301): WP_Background_Process_Astra->task(Object(Elementor\TemplateLibrary\Astra_Sites_Batch_Processing_Elementor))
#4 /Applications/XAMPP/xamppfiles/htdocs/grifCenter/wp-content/plugins/woocommerce/includes/libraries/wp-background-process.php(447): WP_Background_Process->handle()
#5 /Applications/XAMPP/xamppfiles/htdocs/grifCenter/wp-includes/class-wp-hook.php(308): WP_Background_Process->handle_cron_healthcheck()
#6 /Applications/XAMPP/xamppfiles/htdocs/grifCenter/wp-includes/class-wp-hook.php(332): WP_Hook->apply_filters('', Array)
#7 /Applications/XAMPP/xamppfiles/htdocs/grifCenter/wp-includes/plugin.php(565): WP_Hook->do_action(Array)
#8 /Applications/XAMPP/xamppfiles/htdocs/grifCenter/wp-cron.php(188): do_action_ref_array('wp_image_proces...', Array)
#9 {main}
  thrown in /Applications/XAMPP/xamppfiles/htdocs/grifCenter/wp-content/plugins/elementor/core/base/document.php on line 951

2023-03-14T12:55:43+00:00 CRITICAL Uncaught Exception: Invalid data: {"data":["Array","Array","Array","Array","Array"],"element":"Array"} in /Applications/XAMPP/xamppfiles/htdocs/grifCenter/wp-content/plugins/elementor/core/base/document.php:951
Stack trace:
#0 /Applications/XAMPP/xamppfiles/htdocs/grifCenter/wp-content/plugins/astra-sites/inc/importers/batch-processing/class-astra-sites-batch-processing-elementor.php(122): Elementor\Core\Base\Document->get_elements_raw_data(Array, true)
#1 /Applications/XAMPP/xamppfiles/htdocs/grifCenter/wp-content/plugins/astra-sites/inc/importers/batch-processing/class-astra-sites-batch-processing-elementor.php(66): Elementor\TemplateLibrary\Astra_Sites_Batch_Processing_Elementor->import_single_post(1406)
#2 /Applications/XAMPP/xamppfiles/htdocs/grifCenter/wp-content/plugins/astra-sites/inc/importers/batch-processing/helpers/class-wp-background-process-astra.php(41): Elementor\TemplateLibrary\Astra_Sites_Batch_Processing_Elementor->import()
#3 /Applications/XAMPP/xamppfiles/htdocs/grifCenter/wp-content/plugins/woocommerce/includes/libraries/wp-background-process.php(301): WP_Background_Process_Astra->task(Object(Elementor\TemplateLibrary\Astra_Sites_Batch_Processing_Elementor))
#4 /Applications/XAMPP/xamppfiles/htdocs/grifCenter/wp-content/plugins/woocommerce/includes/libraries/wp-background-process.php(447): WP_Background_Process->handle()
#5 /Applications/XAMPP/xamppfiles/htdocs/grifCenter/wp-includes/class-wp-hook.php(308): WP_Background_Process->handle_cron_healthcheck()
#6 /Applications/XAMPP/xamppfiles/htdocs/grifCenter/wp-includes/class-wp-hook.php(332): WP_Hook->apply_filters('', Array)
#7 /Applications/XAMPP/xamppfiles/htdocs/grifCenter/wp-includes/plugin.php(565): WP_Hook->do_action(Array)
#8 /Applications/XAMPP/xamppfiles/htdocs/grifCenter/wp-cron.php(188): do_action_ref_array('wp_image_proces...', Array)
#9 {main}
  thrown in /Applications/XAMPP/xamppfiles/htdocs/grifCenter/wp-content/plugins/elementor/core/base/document.php on line 951

2023-03-14T12:59:52+00:00 CRITICAL Uncaught Exception: Invalid data: {"data":["Array","Array","Array","Array","Array"],"element":"Array"} in /Applications/XAMPP/xamppfiles/htdocs/grifCenter/wp-content/plugins/elementor/core/base/document.php:951
Stack trace:
#0 /Applications/XAMPP/xamppfiles/htdocs/grifCenter/wp-content/plugins/astra-sites/inc/importers/batch-processing/class-astra-sites-batch-processing-elementor.php(122): Elementor\Core\Base\Document->get_elements_raw_data(Array, true)
#1 /Applications/XAMPP/xamppfiles/htdocs/grifCenter/wp-content/plugins/astra-sites/inc/importers/batch-processing/class-astra-sites-batch-processing-elementor.php(66): Elementor\TemplateLibrary\Astra_Sites_Batch_Processing_Elementor->import_single_post(1406)
#2 /Applications/XAMPP/xamppfiles/htdocs/grifCenter/wp-content/plugins/astra-sites/inc/importers/batch-processing/helpers/class-wp-background-process-astra.php(41): Elementor\TemplateLibrary\Astra_Sites_Batch_Processing_Elementor->import()
#3 /Applications/XAMPP/xamppfiles/htdocs/grifCenter/wp-content/plugins/woocommerce/includes/libraries/wp-background-process.php(301): WP_Background_Process_Astra->task(Object(Elementor\TemplateLibrary\Astra_Sites_Batch_Processing_Elementor))
#4 /Applications/XAMPP/xamppfiles/htdocs/grifCenter/wp-content/plugins/woocommerce/includes/libraries/wp-background-process.php(447): WP_Background_Process->handle()
#5 /Applications/XAMPP/xamppfiles/htdocs/grifCenter/wp-includes/class-wp-hook.php(308): WP_Background_Process->handle_cron_healthcheck()
#6 /Applications/XAMPP/xamppfiles/htdocs/grifCenter/wp-includes/class-wp-hook.php(332): WP_Hook->apply_filters('', Array)
#7 /Applications/XAMPP/xamppfiles/htdocs/grifCenter/wp-includes/plugin.php(565): WP_Hook->do_action(Array)
#8 /Applications/XAMPP/xamppfiles/htdocs/grifCenter/wp-cron.php(188): do_action_ref_array('wp_image_proces...', Array)
#9 {main}
  thrown in /Applications/XAMPP/xamppfiles/htdocs/grifCenter/wp-content/plugins/elementor/core/base/document.php on line 951

2023-03-14T13:06:20+00:00 CRITICAL Uncaught Exception: Invalid data: {"data":["Array","Array","Array","Array","Array"],"element":"Array"} in /Applications/XAMPP/xamppfiles/htdocs/grifCenter/wp-content/plugins/elementor/core/base/document.php:951
Stack trace:
#0 /Applications/XAMPP/xamppfiles/htdocs/grifCenter/wp-content/plugins/astra-sites/inc/importers/batch-processing/class-astra-sites-batch-processing-elementor.php(122): Elementor\Core\Base\Document->get_elements_raw_data(Array, true)
#1 /Applications/XAMPP/xamppfiles/htdocs/grifCenter/wp-content/plugins/astra-sites/inc/importers/batch-processing/class-astra-sites-batch-processing-elementor.php(66): Elementor\TemplateLibrary\Astra_Sites_Batch_Processing_Elementor->import_single_post(1406)
#2 /Applications/XAMPP/xamppfiles/htdocs/grifCenter/wp-content/plugins/astra-sites/inc/importers/batch-processing/helpers/class-wp-background-process-astra.php(41): Elementor\TemplateLibrary\Astra_Sites_Batch_Processing_Elementor->import()
#3 /Applications/XAMPP/xamppfiles/htdocs/grifCenter/wp-content/plugins/woocommerce/includes/libraries/wp-background-process.php(301): WP_Background_Process_Astra->task(Object(Elementor\TemplateLibrary\Astra_Sites_Batch_Processing_Elementor))
#4 /Applications/XAMPP/xamppfiles/htdocs/grifCenter/wp-content/plugins/woocommerce/includes/libraries/wp-background-process.php(447): WP_Background_Process->handle()
#5 /Applications/XAMPP/xamppfiles/htdocs/grifCenter/wp-includes/class-wp-hook.php(308): WP_Background_Process->handle_cron_healthcheck()
#6 /Applications/XAMPP/xamppfiles/htdocs/grifCenter/wp-includes/class-wp-hook.php(332): WP_Hook->apply_filters('', Array)
#7 /Applications/XAMPP/xamppfiles/htdocs/grifCenter/wp-includes/plugin.php(565): WP_Hook->do_action(Array)
#8 /Applications/XAMPP/xamppfiles/htdocs/grifCenter/wp-cron.php(188): do_action_ref_array('wp_image_proces...', Array)
#9 {main}
  thrown in /Applications/XAMPP/xamppfiles/htdocs/grifCenter/wp-content/plugins/elementor/core/base/document.php on line 951

2023-03-14T13:10:40+00:00 CRITICAL Uncaught Exception: Invalid data: {"data":["Array","Array","Array","Array","Array"],"element":"Array"} in /Applications/XAMPP/xamppfiles/htdocs/grifCenter/wp-content/plugins/elementor/core/base/document.php:951
Stack trace:
#0 /Applications/XAMPP/xamppfiles/htdocs/grifCenter/wp-content/plugins/astra-sites/inc/importers/batch-processing/class-astra-sites-batch-processing-elementor.php(122): Elementor\Core\Base\Document->get_elements_raw_data(Array, true)
#1 /Applications/XAMPP/xamppfiles/htdocs/grifCenter/wp-content/plugins/astra-sites/inc/importers/batch-processing/class-astra-sites-batch-processing-elementor.php(66): Elementor\TemplateLibrary\Astra_Sites_Batch_Processing_Elementor->import_single_post(1406)
#2 /Applications/XAMPP/xamppfiles/htdocs/grifCenter/wp-content/plugins/astra-sites/inc/importers/batch-processing/helpers/class-wp-background-process-astra.php(41): Elementor\TemplateLibrary\Astra_Sites_Batch_Processing_Elementor->import()
#3 /Applications/XAMPP/xamppfiles/htdocs/grifCenter/wp-content/plugins/woocommerce/includes/libraries/wp-background-process.php(301): WP_Background_Process_Astra->task(Object(Elementor\TemplateLibrary\Astra_Sites_Batch_Processing_Elementor))
#4 /Applications/XAMPP/xamppfiles/htdocs/grifCenter/wp-content/plugins/woocommerce/includes/libraries/wp-background-process.php(447): WP_Background_Process->handle()
#5 /Applications/XAMPP/xamppfiles/htdocs/grifCenter/wp-includes/class-wp-hook.php(308): WP_Background_Process->handle_cron_healthcheck()
#6 /Applications/XAMPP/xamppfiles/htdocs/grifCenter/wp-includes/class-wp-hook.php(332): WP_Hook->apply_filters('', Array)
#7 /Applications/XAMPP/xamppfiles/htdocs/grifCenter/wp-includes/plugin.php(565): WP_Hook->do_action(Array)
#8 /Applications/XAMPP/xamppfiles/htdocs/grifCenter/wp-cron.php(188): do_action_ref_array('wp_image_proces...', Array)
#9 {main}
  thrown in /Applications/XAMPP/xamppfiles/htdocs/grifCenter/wp-content/plugins/elementor/core/base/document.php on line 951

2023-03-14T13:17:00+00:00 CRITICAL Uncaught Exception: Invalid data: {"data":["Array","Array","Array","Array","Array"],"element":"Array"} in /Applications/XAMPP/xamppfiles/htdocs/grifCenter/wp-content/plugins/elementor/core/base/document.php:951
Stack trace:
#0 /Applications/XAMPP/xamppfiles/htdocs/grifCenter/wp-content/plugins/astra-sites/inc/importers/batch-processing/class-astra-sites-batch-processing-elementor.php(122): Elementor\Core\Base\Document->get_elements_raw_data(Array, true)
#1 /Applications/XAMPP/xamppfiles/htdocs/grifCenter/wp-content/plugins/astra-sites/inc/importers/batch-processing/class-astra-sites-batch-processing-elementor.php(66): Elementor\TemplateLibrary\Astra_Sites_Batch_Processing_Elementor->import_single_post(1406)
#2 /Applications/XAMPP/xamppfiles/htdocs/grifCenter/wp-content/plugins/astra-sites/inc/importers/batch-processing/helpers/class-wp-background-process-astra.php(41): Elementor\TemplateLibrary\Astra_Sites_Batch_Processing_Elementor->import()
#3 /Applications/XAMPP/xamppfiles/htdocs/grifCenter/wp-content/plugins/woocommerce/includes/libraries/wp-background-process.php(301): WP_Background_Process_Astra->task(Object(Elementor\TemplateLibrary\Astra_Sites_Batch_Processing_Elementor))
#4 /Applications/XAMPP/xamppfiles/htdocs/grifCenter/wp-content/plugins/woocommerce/includes/libraries/wp-background-process.php(447): WP_Background_Process->handle()
#5 /Applications/XAMPP/xamppfiles/htdocs/grifCenter/wp-includes/class-wp-hook.php(308): WP_Background_Process->handle_cron_healthcheck()
#6 /Applications/XAMPP/xamppfiles/htdocs/grifCenter/wp-includes/class-wp-hook.php(332): WP_Hook->apply_filters('', Array)
#7 /Applications/XAMPP/xamppfiles/htdocs/grifCenter/wp-includes/plugin.php(565): WP_Hook->do_action(Array)
#8 /Applications/XAMPP/xamppfiles/htdocs/grifCenter/wp-cron.php(188): do_action_ref_array('wp_image_proces...', Array)
#9 {main}
  thrown in /Applications/XAMPP/xamppfiles/htdocs/grifCenter/wp-content/plugins/elementor/core/base/document.php on line 951

2023-03-14T13:21:34+00:00 CRITICAL Uncaught Exception: Invalid data: {"data":["Array","Array","Array","Array","Array"],"element":"Array"} in /Applications/XAMPP/xamppfiles/htdocs/grifCenter/wp-content/plugins/elementor/core/base/document.php:951
Stack trace:
#0 /Applications/XAMPP/xamppfiles/htdocs/grifCenter/wp-content/plugins/astra-sites/inc/importers/batch-processing/class-astra-sites-batch-processing-elementor.php(122): Elementor\Core\Base\Document->get_elements_raw_data(Array, true)
#1 /Applications/XAMPP/xamppfiles/htdocs/grifCenter/wp-content/plugins/astra-sites/inc/importers/batch-processing/class-astra-sites-batch-processing-elementor.php(66): Elementor\TemplateLibrary\Astra_Sites_Batch_Processing_Elementor->import_single_post(1406)
#2 /Applications/XAMPP/xamppfiles/htdocs/grifCenter/wp-content/plugins/astra-sites/inc/importers/batch-processing/helpers/class-wp-background-process-astra.php(41): Elementor\TemplateLibrary\Astra_Sites_Batch_Processing_Elementor->import()
#3 /Applications/XAMPP/xamppfiles/htdocs/grifCenter/wp-content/plugins/woocommerce/includes/libraries/wp-background-process.php(301): WP_Background_Process_Astra->task(Object(Elementor\TemplateLibrary\Astra_Sites_Batch_Processing_Elementor))
#4 /Applications/XAMPP/xamppfiles/htdocs/grifCenter/wp-content/plugins/woocommerce/includes/libraries/wp-background-process.php(447): WP_Background_Process->handle()
#5 /Applications/XAMPP/xamppfiles/htdocs/grifCenter/wp-includes/class-wp-hook.php(308): WP_Background_Process->handle_cron_healthcheck()
#6 /Applications/XAMPP/xamppfiles/htdocs/grifCenter/wp-includes/class-wp-hook.php(332): WP_Hook->apply_filters('', Array)
#7 /Applications/XAMPP/xamppfiles/htdocs/grifCenter/wp-includes/plugin.php(565): WP_Hook->do_action(Array)
#8 /Applications/XAMPP/xamppfiles/htdocs/grifCenter/wp-cron.php(188): do_action_ref_array('wp_image_proces...', Array)
#9 {main}
  thrown in /Applications/XAMPP/xamppfiles/htdocs/grifCenter/wp-content/plugins/elementor/core/base/document.php on line 951

2023-03-14T13:25:43+00:00 CRITICAL Uncaught Exception: Invalid data: {"data":["Array","Array","Array","Array","Array"],"element":"Array"} in /Applications/XAMPP/xamppfiles/htdocs/grifCenter/wp-content/plugins/elementor/core/base/document.php:951
Stack trace:
#0 /Applications/XAMPP/xamppfiles/htdocs/grifCenter/wp-content/plugins/astra-sites/inc/importers/batch-processing/class-astra-sites-batch-processing-elementor.php(122): Elementor\Core\Base\Document->get_elements_raw_data(Array, true)
#1 /Applications/XAMPP/xamppfiles/htdocs/grifCenter/wp-content/plugins/astra-sites/inc/importers/batch-processing/class-astra-sites-batch-processing-elementor.php(66): Elementor\TemplateLibrary\Astra_Sites_Batch_Processing_Elementor->import_single_post(1406)
#2 /Applications/XAMPP/xamppfiles/htdocs/grifCenter/wp-content/plugins/astra-sites/inc/importers/batch-processing/helpers/class-wp-background-process-astra.php(41): Elementor\TemplateLibrary\Astra_Sites_Batch_Processing_Elementor->import()
#3 /Applications/XAMPP/xamppfiles/htdocs/grifCenter/wp-content/plugins/woocommerce/includes/libraries/wp-background-process.php(301): WP_Background_Process_Astra->task(Object(Elementor\TemplateLibrary\Astra_Sites_Batch_Processing_Elementor))
#4 /Applications/XAMPP/xamppfiles/htdocs/grifCenter/wp-content/plugins/woocommerce/includes/libraries/wp-background-process.php(447): WP_Background_Process->handle()
#5 /Applications/XAMPP/xamppfiles/htdocs/grifCenter/wp-includes/class-wp-hook.php(308): WP_Background_Process->handle_cron_healthcheck()
#6 /Applications/XAMPP/xamppfiles/htdocs/grifCenter/wp-includes/class-wp-hook.php(332): WP_Hook->apply_filters('', Array)
#7 /Applications/XAMPP/xamppfiles/htdocs/grifCenter/wp-includes/plugin.php(565): WP_Hook->do_action(Array)
#8 /Applications/XAMPP/xamppfiles/htdocs/grifCenter/wp-cron.php(188): do_action_ref_array('wp_image_proces...', Array)
#9 {main}
  thrown in /Applications/XAMPP/xamppfiles/htdocs/grifCenter/wp-content/plugins/elementor/core/base/document.php on line 951

2023-03-14T13:30:01+00:00 CRITICAL Uncaught Exception: Invalid data: {"data":["Array","Array","Array","Array","Array"],"element":"Array"} in /Applications/XAMPP/xamppfiles/htdocs/grifCenter/wp-content/plugins/elementor/core/base/document.php:951
Stack trace:
#0 /Applications/XAMPP/xamppfiles/htdocs/grifCenter/wp-content/plugins/astra-sites/inc/importers/batch-processing/class-astra-sites-batch-processing-elementor.php(122): Elementor\Core\Base\Document->get_elements_raw_data(Array, true)
#1 /Applications/XAMPP/xamppfiles/htdocs/grifCenter/wp-content/plugins/astra-sites/inc/importers/batch-processing/class-astra-sites-batch-processing-elementor.php(66): Elementor\TemplateLibrary\Astra_Sites_Batch_Processing_Elementor->import_single_post(1406)
#2 /Applications/XAMPP/xamppfiles/htdocs/grifCenter/wp-content/plugins/astra-sites/inc/importers/batch-processing/helpers/class-wp-background-process-astra.php(41): Elementor\TemplateLibrary\Astra_Sites_Batch_Processing_Elementor->import()
#3 /Applications/XAMPP/xamppfiles/htdocs/grifCenter/wp-content/plugins/woocommerce/includes/libraries/wp-background-process.php(301): WP_Background_Process_Astra->task(Object(Elementor\TemplateLibrary\Astra_Sites_Batch_Processing_Elementor))
#4 /Applications/XAMPP/xamppfiles/htdocs/grifCenter/wp-content/plugins/woocommerce/includes/libraries/wp-background-process.php(447): WP_Background_Process->handle()
#5 /Applications/XAMPP/xamppfiles/htdocs/grifCenter/wp-includes/class-wp-hook.php(308): WP_Background_Process->handle_cron_healthcheck()
#6 /Applications/XAMPP/xamppfiles/htdocs/grifCenter/wp-includes/class-wp-hook.php(332): WP_Hook->apply_filters('', Array)
#7 /Applications/XAMPP/xamppfiles/htdocs/grifCenter/wp-includes/plugin.php(565): WP_Hook->do_action(Array)
#8 /Applications/XAMPP/xamppfiles/htdocs/grifCenter/wp-cron.php(188): do_action_ref_array('wp_image_proces...', Array)
#9 {main}
  thrown in /Applications/XAMPP/xamppfiles/htdocs/grifCenter/wp-content/plugins/elementor/core/base/document.php on line 951

2023-03-14T13:36:40+00:00 CRITICAL Uncaught Exception: Invalid data: {"data":["Array","Array","Array","Array","Array"],"element":"Array"} in /Applications/XAMPP/xamppfiles/htdocs/grifCenter/wp-content/plugins/elementor/core/base/document.php:951
Stack trace:
#0 /Applications/XAMPP/xamppfiles/htdocs/grifCenter/wp-content/plugins/astra-sites/inc/importers/batch-processing/class-astra-sites-batch-processing-elementor.php(122): Elementor\Core\Base\Document->get_elements_raw_data(Array, true)
#1 /Applications/XAMPP/xamppfiles/htdocs/grifCenter/wp-content/plugins/astra-sites/inc/importers/batch-processing/class-astra-sites-batch-processing-elementor.php(66): Elementor\TemplateLibrary\Astra_Sites_Batch_Processing_Elementor->import_single_post(1406)
#2 /Applications/XAMPP/xamppfiles/htdocs/grifCenter/wp-content/plugins/astra-sites/inc/importers/batch-processing/helpers/class-wp-background-process-astra.php(41): Elementor\TemplateLibrary\Astra_Sites_Batch_Processing_Elementor->import()
#3 /Applications/XAMPP/xamppfiles/htdocs/grifCenter/wp-content/plugins/woocommerce/includes/libraries/wp-background-process.php(301): WP_Background_Process_Astra->task(Object(Elementor\TemplateLibrary\Astra_Sites_Batch_Processing_Elementor))
#4 /Applications/XAMPP/xamppfiles/htdocs/grifCenter/wp-content/plugins/woocommerce/includes/libraries/wp-background-process.php(447): WP_Background_Process->handle()
#5 /Applications/XAMPP/xamppfiles/htdocs/grifCenter/wp-includes/class-wp-hook.php(308): WP_Background_Process->handle_cron_healthcheck()
#6 /Applications/XAMPP/xamppfiles/htdocs/grifCenter/wp-includes/class-wp-hook.php(332): WP_Hook->apply_filters('', Array)
#7 /Applications/XAMPP/xamppfiles/htdocs/grifCenter/wp-includes/plugin.php(565): WP_Hook->do_action(Array)
#8 /Applications/XAMPP/xamppfiles/htdocs/grifCenter/wp-cron.php(188): do_action_ref_array('wp_image_proces...', Array)
#9 {main}
  thrown in /Applications/XAMPP/xamppfiles/htdocs/grifCenter/wp-content/plugins/elementor/core/base/document.php on line 951

2023-03-14T13:40:49+00:00 CRITICAL Uncaught Exception: Invalid data: {"data":["Array","Array","Array","Array","Array"],"element":"Array"} in /Applications/XAMPP/xamppfiles/htdocs/grifCenter/wp-content/plugins/elementor/core/base/document.php:951
Stack trace:
#0 /Applications/XAMPP/xamppfiles/htdocs/grifCenter/wp-content/plugins/astra-sites/inc/importers/batch-processing/class-astra-sites-batch-processing-elementor.php(122): Elementor\Core\Base\Document->get_elements_raw_data(Array, true)
#1 /Applications/XAMPP/xamppfiles/htdocs/grifCenter/wp-content/plugins/astra-sites/inc/importers/batch-processing/class-astra-sites-batch-processing-elementor.php(66): Elementor\TemplateLibrary\Astra_Sites_Batch_Processing_Elementor->import_single_post(1406)
#2 /Applications/XAMPP/xamppfiles/htdocs/grifCenter/wp-content/plugins/astra-sites/inc/importers/batch-processing/helpers/class-wp-background-process-astra.php(41): Elementor\TemplateLibrary\Astra_Sites_Batch_Processing_Elementor->import()
#3 /Applications/XAMPP/xamppfiles/htdocs/grifCenter/wp-content/plugins/woocommerce/includes/libraries/wp-background-process.php(301): WP_Background_Process_Astra->task(Object(Elementor\TemplateLibrary\Astra_Sites_Batch_Processing_Elementor))
#4 /Applications/XAMPP/xamppfiles/htdocs/grifCenter/wp-content/plugins/woocommerce/includes/libraries/wp-background-process.php(447): WP_Background_Process->handle()
#5 /Applications/XAMPP/xamppfiles/htdocs/grifCenter/wp-includes/class-wp-hook.php(308): WP_Background_Process->handle_cron_healthcheck()
#6 /Applications/XAMPP/xamppfiles/htdocs/grifCenter/wp-includes/class-wp-hook.php(332): WP_Hook->apply_filters('', Array)
#7 /Applications/XAMPP/xamppfiles/htdocs/grifCenter/wp-includes/plugin.php(565): WP_Hook->do_action(Array)
#8 /Applications/XAMPP/xamppfiles/htdocs/grifCenter/wp-cron.php(188): do_action_ref_array('wp_image_proces...', Array)
#9 {main}
  thrown in /Applications/XAMPP/xamppfiles/htdocs/grifCenter/wp-content/plugins/elementor/core/base/document.php on line 951

2023-03-14T13:45:11+00:00 CRITICAL Uncaught Exception: Invalid data: {"data":["Array","Array","Array","Array","Array"],"element":"Array"} in /Applications/XAMPP/xamppfiles/htdocs/grifCenter/wp-content/plugins/elementor/core/base/document.php:951
Stack trace:
#0 /Applications/XAMPP/xamppfiles/htdocs/grifCenter/wp-content/plugins/astra-sites/inc/importers/batch-processing/class-astra-sites-batch-processing-elementor.php(122): Elementor\Core\Base\Document->get_elements_raw_data(Array, true)
#1 /Applications/XAMPP/xamppfiles/htdocs/grifCenter/wp-content/plugins/astra-sites/inc/importers/batch-processing/class-astra-sites-batch-processing-elementor.php(66): Elementor\TemplateLibrary\Astra_Sites_Batch_Processing_Elementor->import_single_post(1406)
#2 /Applications/XAMPP/xamppfiles/htdocs/grifCenter/wp-content/plugins/astra-sites/inc/importers/batch-processing/helpers/class-wp-background-process-astra.php(41): Elementor\TemplateLibrary\Astra_Sites_Batch_Processing_Elementor->import()
#3 /Applications/XAMPP/xamppfiles/htdocs/grifCenter/wp-content/plugins/woocommerce/includes/libraries/wp-background-process.php(301): WP_Background_Process_Astra->task(Object(Elementor\TemplateLibrary\Astra_Sites_Batch_Processing_Elementor))
#4 /Applications/XAMPP/xamppfiles/htdocs/grifCenter/wp-content/plugins/woocommerce/includes/libraries/wp-background-process.php(447): WP_Background_Process->handle()
#5 /Applications/XAMPP/xamppfiles/htdocs/grifCenter/wp-includes/class-wp-hook.php(308): WP_Background_Process->handle_cron_healthcheck()
#6 /Applications/XAMPP/xamppfiles/htdocs/grifCenter/wp-includes/class-wp-hook.php(332): WP_Hook->apply_filters('', Array)
#7 /Applications/XAMPP/xamppfiles/htdocs/grifCenter/wp-includes/plugin.php(565): WP_Hook->do_action(Array)
#8 /Applications/XAMPP/xamppfiles/htdocs/grifCenter/wp-cron.php(188): do_action_ref_array('wp_image_proces...', Array)
#9 {main}
  thrown in /Applications/XAMPP/xamppfiles/htdocs/grifCenter/wp-content/plugins/elementor/core/base/document.php on line 951

2023-03-14T13:58:27+00:00 CRITICAL Uncaught Exception: Invalid data: {"data":["Array","Array","Array","Array","Array"],"element":"Array"} in /Applications/XAMPP/xamppfiles/htdocs/grifCenter/wp-content/plugins/elementor/core/base/document.php:951
Stack trace:
#0 /Applications/XAMPP/xamppfiles/htdocs/grifCenter/wp-content/plugins/astra-sites/inc/importers/batch-processing/class-astra-sites-batch-processing-elementor.php(122): Elementor\Core\Base\Document->get_elements_raw_data(Array, true)
#1 /Applications/XAMPP/xamppfiles/htdocs/grifCenter/wp-content/plugins/astra-sites/inc/importers/batch-processing/class-astra-sites-batch-processing-elementor.php(66): Elementor\TemplateLibrary\Astra_Sites_Batch_Processing_Elementor->import_single_post(1406)
#2 /Applications/XAMPP/xamppfiles/htdocs/grifCenter/wp-content/plugins/astra-sites/inc/importers/batch-processing/helpers/class-wp-background-process-astra.php(41): Elementor\TemplateLibrary\Astra_Sites_Batch_Processing_Elementor->import()
#3 /Applications/XAMPP/xamppfiles/htdocs/grifCenter/wp-content/plugins/woocommerce/includes/libraries/wp-background-process.php(301): WP_Background_Process_Astra->task(Object(Elementor\TemplateLibrary\Astra_Sites_Batch_Processing_Elementor))
#4 /Applications/XAMPP/xamppfiles/htdocs/grifCenter/wp-content/plugins/woocommerce/includes/libraries/wp-background-process.php(447): WP_Background_Process->handle()
#5 /Applications/XAMPP/xamppfiles/htdocs/grifCenter/wp-includes/class-wp-hook.php(308): WP_Background_Process->handle_cron_healthcheck()
#6 /Applications/XAMPP/xamppfiles/htdocs/grifCenter/wp-includes/class-wp-hook.php(332): WP_Hook->apply_filters('', Array)
#7 /Applications/XAMPP/xamppfiles/htdocs/grifCenter/wp-includes/plugin.php(565): WP_Hook->do_action(Array)
#8 /Applications/XAMPP/xamppfiles/htdocs/grifCenter/wp-cron.php(188): do_action_ref_array('wp_image_proces...', Array)
#9 {main}
  thrown in /Applications/XAMPP/xamppfiles/htdocs/grifCenter/wp-content/plugins/elementor/core/base/document.php on line 951

